2026-03-22T03:38:21.323Z: {"email":"leezeeconsultancy@gmail.com","deviceId":"4a10d3da-907d-4344-a4e0-d35a1f165885","passwordLength":12}
2026-03-22T03:38:21.336Z: {"foundUser":true}
2026-03-24T10:09:23.469Z: {"email":"leezeeconsultancy@gmail.com","deviceId":"4a10d3da-907d-4344-a4e0-d35a1f165885","passwordLength":12}
2026-03-24T10:09:23.518Z: {"foundUser":false}
2026-03-24T10:09:34.274Z: {"email":"ommpatil229@gmail.com","deviceId":"4a10d3da-907d-4344-a4e0-d35a1f165885","passwordLength":6}
2026-03-24T10:09:34.326Z: {"foundUser":false}
2026-03-24T10:10:18.448Z: {"email":"ommpatil229@gmail.com","deviceId":"4a10d3da-907d-4344-a4e0-d35a1f165885","passwordLength":6}
2026-03-24T10:10:18.499Z: {"foundUser":false}
2026-03-24T10:10:31.932Z: {"email":"leezeeconsultancy@gmail.com","deviceId":"3d7c3ddd-2009-4fd0-9745-d4f8ba8346c8","passwordLength":12}
2026-03-24T10:10:31.985Z: {"foundUser":false}
2026-03-24T10:12:01.723Z: {"email":"admin@123","deviceId":"4a10d3da-907d-4344-a4e0-d35a1f165885","passwordLength":9}
2026-03-24T10:12:01.771Z: {"foundUser":false}
2026-03-24T10:12:03.746Z: {"email":"admin@123","deviceId":"4a10d3da-907d-4344-a4e0-d35a1f165885","passwordLength":9}
2026-03-24T10:12:03.799Z: {"foundUser":false}
2026-03-24T10:12:13.328Z: {"email":"admin@ssms.com","deviceId":"4a10d3da-907d-4344-a4e0-d35a1f165885","passwordLength":9}
2026-03-24T10:12:13.378Z: {"foundUser":false}
2026-03-24T10:12:14.984Z: {"email":"admin@ssms.com","deviceId":"4a10d3da-907d-4344-a4e0-d35a1f165885","passwordLength":9}
2026-03-24T10:12:15.036Z: {"foundUser":false}
2026-03-24T10:12:15.435Z: {"email":"admin@ssms.com","deviceId":"4a10d3da-907d-4344-a4e0-d35a1f165885","passwordLength":9}
2026-03-24T10:12:15.489Z: {"foundUser":false}
2026-03-24T10:12:29.216Z: {"email":"admin@ssms.com","deviceId":"4a10d3da-907d-4344-a4e0-d35a1f165885","passwordLength":9}
2026-03-24T10:12:29.270Z: {"foundUser":false}
2026-03-24T10:15:30.988Z: {"email":"admin@ssms.com","deviceId":"4a10d3da-907d-4344-a4e0-d35a1f165885","passwordLength":9}
2026-03-24T10:15:31.042Z: {"foundUser":false}
